[0mGET /login [36m304[0m 8.898 ms - -[0m
::1 - - [10/Aug/2024:11:29:05 +0000] "GET /login HTTP/1.1" 304 -
::1 - - [10/Aug/2024:11:29:32 +0000] "POST /login HTTP/1.1" 200 58
::1 - - [15/Aug/2024:08:20:24 +0000] "GET /login HTTP/1.1" 200 846
::1 - - [15/Aug/2024:08:20:26 +0000] "GET / HTTP/1.1" 304 -
::1 - - [15/Aug/2024:08:20:26 +0000] "GET /favicon.ico HTTP/1.1" 404 150
::1 - - [15/Aug/2024:08:20:28 +0000] "GET /login HTTP/1.1" 304 -
::1 - - [15/Aug/2024:08:20:30 +0000] "GET /grid HTTP/1.1" 500 1483
::1 - - [15/Aug/2024:08:24:39 +0000] "GET /login HTTP/1.1" 304 -
::1 - - [15/Aug/2024:08:24:46 +0000] "GET /grid HTTP/1.1" 200 1390
::1 - - [15/Aug/2024:08:24:46 +0000] "GET /basic-style.css HTTP/1.1" 404 154
::1 - - [15/Aug/2024:08:24:46 +0000] "GET /grid.css HTTP/1.1" 404 147
::1 - - [15/Aug/2024:08:24:46 +0000] "GET /grid.js HTTP/1.1" 404 146
::1 - - [15/Aug/2024:08:28:44 +0000] "GET /grid HTTP/1.1" 200 1477
::1 - - [15/Aug/2024:08:28:44 +0000] "GET /css/home/gird.css HTTP/1.1" 404 156
::1 - - [15/Aug/2024:08:28:44 +0000] "GET /basic-style.css HTTP/1.1" 404 154
::1 - - [15/Aug/2024:08:28:44 +0000] "GET /js/home/gird.js HTTP/1.1" 404 154
::1 - - [15/Aug/2024:08:28:44 +0000] "GET /css/home/gird.css HTTP/1.1" 404 156
::1 - - [15/Aug/2024:08:28:45 +0000] "GET /grid HTTP/1.1" 304 -
::1 - - [15/Aug/2024:08:28:45 +0000] "GET /basic-style.css HTTP/1.1" 404 154
::1 - - [15/Aug/2024:08:28:45 +0000] "GET /css/home/gird.css HTTP/1.1" 404 156
::1 - - [15/Aug/2024:08:28:45 +0000] "GET /js/home/gird.js HTTP/1.1" 404 154
::1 - - [15/Aug/2024:08:28:45 +0000] "GET /css/home/gird.css HTTP/1.1" 404 156
::1 - - [15/Aug/2024:08:28:45 +0000] "GET /grid HTTP/1.1" 304 -
::1 - - [15/Aug/2024:08:28:45 +0000] "GET /basic-style.css HTTP/1.1" 404 154
::1 - - [15/Aug/2024:08:28:45 +0000] "GET /css/home/gird.css HTTP/1.1" 404 156
::1 - - [15/Aug/2024:08:28:45 +0000] "GET /js/home/gird.js HTTP/1.1" 404 154
::1 - - [15/Aug/2024:08:28:45 +0000] "GET /css/home/gird.css HTTP/1.1" 404 156
::1 - - [15/Aug/2024:08:28:45 +0000] "GET /grid HTTP/1.1" 304 -
::1 - - [15/Aug/2024:08:28:45 +0000] "GET /basic-style.css HTTP/1.1" 404 154
::1 - - [15/Aug/2024:08:28:45 +0000] "GET /css/home/gird.css HTTP/1.1" 404 156
::1 - - [15/Aug/2024:08:28:45 +0000] "GET /js/home/gird.js HTTP/1.1" 404 154
::1 - - [15/Aug/2024:08:28:45 +0000] "GET /css/home/gird.css HTTP/1.1" 404 156
::1 - - [15/Aug/2024:08:28:45 +0000] "GET /grid HTTP/1.1" 304 -
::1 - - [15/Aug/2024:08:28:45 +0000] "GET /basic-style.css HTTP/1.1" 404 154
::1 - - [15/Aug/2024:08:28:45 +0000] "GET /css/home/gird.css HTTP/1.1" 404 156
::1 - - [15/Aug/2024:08:28:45 +0000] "GET /js/home/gird.js HTTP/1.1" 404 154
::1 - - [15/Aug/2024:08:28:45 +0000] "GET /css/home/gird.css HTTP/1.1" 404 156
::1 - - [15/Aug/2024:08:28:48 +0000] "GET /grid HTTP/1.1" 304 -
::1 - - [15/Aug/2024:08:28:48 +0000] "GET /basic-style.css HTTP/1.1" 404 154
::1 - - [15/Aug/2024:08:28:48 +0000] "GET /css/home/gird.css HTTP/1.1" 404 156
::1 - - [15/Aug/2024:08:28:48 +0000] "GET /js/home/gird.js HTTP/1.1" 404 154
::1 - - [15/Aug/2024:08:28:48 +0000] "GET /css/home/gird.css HTTP/1.1" 404 156
::1 - - [15/Aug/2024:08:29:13 +0000] "GET /grid HTTP/1.1" 200 1477
::1 - - [15/Aug/2024:08:29:13 +0000] "GET /basic-style.css HTTP/1.1" 404 154
::1 - - [15/Aug/2024:08:29:13 +0000] "GET /js/home/gird.js HTTP/1.1" 404 154
::1 - - [15/Aug/2024:08:29:17 +0000] "GET /basic-style.css HTTP/1.1" 404 154
::1 - - [15/Aug/2024:08:30:14 +0000] "GET /grid HTTP/1.1" 200 788
::1 - - [15/Aug/2024:08:30:14 +0000] "GET /basic-style.css HTTP/1.1" 404 154
::1 - - [15/Aug/2024:08:30:14 +0000] "GET /js/home/gird.js HTTP/1.1" 404 154
::1 - - [15/Aug/2024:08:30:14 +0000] "GET /grid HTTP/1.1" 304 -
::1 - - [15/Aug/2024:08:30:14 +0000] "GET /basic-style.css HTTP/1.1" 404 154
::1 - - [15/Aug/2024:08:30:14 +0000] "GET /js/home/gird.js HTTP/1.1" 404 154
::1 - - [15/Aug/2024:08:30:14 +0000] "GET /grid HTTP/1.1" 304 -
::1 - - [15/Aug/2024:08:30:14 +0000] "GET /basic-style.css HTTP/1.1" 404 154
::1 - - [15/Aug/2024:08:30:14 +0000] "GET /js/home/gird.js HTTP/1.1" 404 154
::1 - - [15/Aug/2024:08:30:53 +0000] "GET /grid HTTP/1.1" 200 786
::1 - - [15/Aug/2024:08:30:53 +0000] "GET /basic-style.css HTTP/1.1" 404 154
::1 - - [15/Aug/2024:08:30:53 +0000] "GET /js/home/gird.js HTTP/1.1" 404 154
::1 - - [15/Aug/2024:08:30:53 +0000] "GET /grid HTTP/1.1" 304 -
::1 - - [15/Aug/2024:08:30:53 +0000] "GET /basic-style.css HTTP/1.1" 404 154
::1 - - [15/Aug/2024:08:30:53 +0000] "GET /js/home/gird.js HTTP/1.1" 404 154
::1 - - [15/Aug/2024:08:35:42 +0000] "GET /grid HTTP/1.1" 200 734
::1 - - [15/Aug/2024:08:35:42 +0000] "GET /js/home/gird.js HTTP/1.1" 404 154
::1 - - [15/Aug/2024:08:36:22 +0000] "GET /grid HTTP/1.1" 304 -
::1 - - [15/Aug/2024:08:36:22 +0000] "GET /js/home/gird.js HTTP/1.1" 404 154
::1 - - [15/Aug/2024:08:36:23 +0000] "GET /grid HTTP/1.1" 304 -
::1 - - [15/Aug/2024:08:36:23 +0000] "GET /js/home/gird.js HTTP/1.1" 404 154
::1 - - [15/Aug/2024:08:36:24 +0000] "GET /grid HTTP/1.1" 304 -
::1 - - [15/Aug/2024:08:36:24 +0000] "GET /js/home/gird.js HTTP/1.1" 404 154
::1 - - [15/Aug/2024:08:37:15 +0000] "GET /grid HTTP/1.1" 200 743
::1 - - [15/Aug/2024:08:37:15 +0000] "GET /public/js/home/gird.js HTTP/1.1" 404 161
::1 - - [15/Aug/2024:08:37:15 +0000] "GET /grid HTTP/1.1" 304 -
::1 - - [15/Aug/2024:08:37:15 +0000] "GET /public/js/home/gird.js HTTP/1.1" 404 161
::1 - - [15/Aug/2024:08:37:19 +0000] "GET /grid HTTP/1.1" 304 -
::1 - - [15/Aug/2024:08:37:19 +0000] "GET /public/js/home/gird.js HTTP/1.1" 404 161
::1 - - [15/Aug/2024:08:38:25 +0000] "GET /grid HTTP/1.1" 200 725
::1 - - [15/Aug/2024:08:38:25 +0000] "GET /gird.js HTTP/1.1" 404 146
::1 - - [15/Aug/2024:08:38:26 +0000] "GET /grid HTTP/1.1" 304 -
::1 - - [15/Aug/2024:08:38:26 +0000] "GET /gird.js HTTP/1.1" 404 146
::1 - - [15/Aug/2024:08:38:27 +0000] "GET /grid HTTP/1.1" 304 -
::1 - - [15/Aug/2024:08:38:27 +0000] "GET /gird.js HTTP/1.1" 404 146
::1 - - [15/Aug/2024:08:38:27 +0000] "GET /grid HTTP/1.1" 304 -
::1 - - [15/Aug/2024:08:38:27 +0000] "GET /gird.js HTTP/1.1" 404 146
::1 - - [15/Aug/2024:08:38:28 +0000] "GET /grid HTTP/1.1" 304 -
::1 - - [15/Aug/2024:08:38:28 +0000] "GET /gird.js HTTP/1.1" 404 146
::1 - - [15/Aug/2024:08:40:08 +0000] "GET /grid HTTP/1.1" 200 734
::1 - - [15/Aug/2024:08:40:34 +0000] "GET /grid HTTP/1.1" 304 -
::1 - - [15/Aug/2024:08:40:36 +0000] "GET /popup.ejs HTTP/1.1" 404 148
::1 - - [15/Aug/2024:08:40:43 +0000] "GET /popup.ejs HTTP/1.1" 404 148
::1 - - [15/Aug/2024:08:48:57 +0000] "GET /grid HTTP/1.1" 304 -
::1 - - [15/Aug/2024:08:51:24 +0000] "GET /grid HTTP/1.1" 304 -
::1 - - [15/Aug/2024:08:52:38 +0000] "GET /grid HTTP/1.1" 304 -
::1 - - [15/Aug/2024:08:52:38 +0000] "GET /popup.ejs HTTP/1.1" 404 148
::1 - - [15/Aug/2024:08:52:49 +0000] "GET /grid HTTP/1.1" 304 -
::1 - - [15/Aug/2024:08:52:50 +0000] "GET /popup.ejs HTTP/1.1" 404 148
::1 - - [15/Aug/2024:08:54:50 +0000] "GET /grid HTTP/1.1" 304 -
::1 - - [15/Aug/2024:08:54:51 +0000] "GET /popup.ejs HTTP/1.1" 404 148
::1 - - [15/Aug/2024:08:56:03 +0000] "GET /grid HTTP/1.1" 304 -
::1 - - [15/Aug/2024:08:56:03 +0000] "GET /grid HTTP/1.1" 304 -
::1 - - [15/Aug/2024:08:56:04 +0000] "GET /views/home/popup.ejs HTTP/1.1" 404 159
::1 - - [15/Aug/2024:08:57:22 +0000] "GET /popup HTTP/1.1" 200 753
::1 - - [15/Aug/2024:08:57:31 +0000] "GET /popup HTTP/1.1" 304 -
::1 - - [15/Aug/2024:08:57:32 +0000] "GET /popup HTTP/1.1" 304 -
::1 - - [15/Aug/2024:08:57:33 +0000] "GET /popup HTTP/1.1" 304 -
::1 - - [15/Aug/2024:08:57:33 +0000] "GET /popup HTTP/1.1" 304 -
::1 - - [15/Aug/2024:08:57:42 +0000] "GET /views/home/popup.ejs HTTP/1.1" 404 159
::1 - - [15/Aug/2024:08:58:35 +0000] "GET /grid HTTP/1.1" 304 -
::1 - - [15/Aug/2024:08:58:37 +0000] "GET /views/home/popup.ejs HTTP/1.1" 404 159
::1 - - [15/Aug/2024:09:03:40 +0000] "GET /grid HTTP/1.1" 304 -
::1 - - [15/Aug/2024:09:03:40 +0000] "GET /grid HTTP/1.1" 304 -
::1 - - [15/Aug/2024:09:03:40 +0000] "GET /grid HTTP/1.1" 304 -
::1 - - [15/Aug/2024:09:03:41 +0000] "GET /grid HTTP/1.1" 304 -
::1 - - [15/Aug/2024:09:03:41 +0000] "GET /grid HTTP/1.1" 304 -
::1 - - [15/Aug/2024:09:03:41 +0000] "GET /app/views/home/popup.ejs HTTP/1.1" 404 163
::1 - - [15/Aug/2024:09:03:45 +0000] "GET /app/views/home/popup.ejs HTTP/1.1" 404 163
::1 - - [15/Aug/2024:09:05:30 +0000] "GET /grid HTTP/1.1" 200 726
::1 - - [15/Aug/2024:09:05:31 +0000] "GET /grid HTTP/1.1" 304 -
::1 - - [15/Aug/2024:09:05:31 +0000] "GET /grid HTTP/1.1" 304 -
::1 - - [15/Aug/2024:09:05:31 +0000] "GET /popup HTTP/1.1" 304 -
::1 - - [15/Aug/2024:09:05:36 +0000] "GET /popup HTTP/1.1" 304 -
::1 - - [15/Aug/2024:09:06:22 +0000] "GET /popup HTTP/1.1" 304 -
::1 - - [15/Aug/2024:09:06:27 +0000] "GET /popup HTTP/1.1" 304 -
::1 - - [15/Aug/2024:09:15:10 +0000] "GET /grid HTTP/1.1" 200 762
::1 - - [15/Aug/2024:09:15:11 +0000] "GET /grid HTTP/1.1" 304 -
::1 - - [15/Aug/2024:09:15:11 +0000] "GET /grid HTTP/1.1" 304 -
::1 - - [15/Aug/2024:09:16:25 +0000] "GET /grid HTTP/1.1" 200 1084
::1 - - [15/Aug/2024:09:16:54 +0000] "GET /grid HTTP/1.1" 200 1130
::1 - - [15/Aug/2024:09:17:01 +0000] "GET /popup HTTP/1.1" 200 487
::1 - - [15/Aug/2024:09:17:31 +0000] "GET /grid HTTP/1.1" 304 -
::1 - - [15/Aug/2024:09:17:37 +0000] "GET /popup HTTP/1.1" 304 -
::1 - - [15/Aug/2024:09:17:43 +0000] "GET /popup2 HTTP/1.1" 404 145
::1 - - [15/Aug/2024:09:18:33 +0000] "GET /grid HTTP/1.1" 304 -
::1 - - [15/Aug/2024:09:18:33 +0000] "GET /grid HTTP/1.1" 304 -
::1 - - [15/Aug/2024:09:18:33 +0000] "GET /grid HTTP/1.1" 304 -
::1 - - [15/Aug/2024:09:18:33 +0000] "GET /grid HTTP/1.1" 304 -
::1 - - [15/Aug/2024:09:18:33 +0000] "GET /grid HTTP/1.1" 304 -
::1 - - [15/Aug/2024:09:18:33 +0000] "GET /grid HTTP/1.1" 304 -
::1 - - [15/Aug/2024:09:18:37 +0000] "GET /popup HTTP/1.1" 304 -
::1 - - [15/Aug/2024:09:18:39 +0000] "GET /popup2 HTTP/1.1" 200 487
